"../../../Engine/Content/ArtTools/RenderToTexture/Enums/RenderToTexture_Enum.uasset" 0
"../../../Engine/Content/ArtTools/RenderToTexture/Enums/RenderToTexture_Flipbook_Enum.uasset" 1
"../../../Engine/Content/ArtTools/RenderToTexture/Enums/RenderToTexture_Imposter_Enum.uasset" 2
"../../../Engine/Content/EditorBlueprintResources/StandardMacros.uasset" 3
"../../../Engine/Content/ArtTools/RenderToTexture/Enums/EIntTypes.uasset" 4
"../../../Engine/Content/ArtTools/RenderToTexture/Macros/RenderToTextureFunctionLibrary.uasset" 5
"../../../Engine/Content/ArtTools/RenderToTexture/Enums/EFloatTypes.uasset" 6
"../../../Engine/Content/ArtTools/RenderToTexture/Macros/RenderToTextureMacros.uasset" 7
"../../../Engine/Content/Functions/Engine_MaterialFunctions01/Opacity/CameraDepthFade.uasset" 8
"../../../Engine/Content/EngineMaterials/T_Default_Material_Grid_M.uasset" 9
"../../../Engine/Content/EngineMaterials/T_Default_Material_Grid_N.uasset" 10
"../../../Engine/Content/EngineMaterials/WorldGridMaterial.uasset" 11
"../../../Engine/Content/ArtTools/RenderToTexture/Meshes/S_1_Unit_Plane.uasset" 12
"../../../Engine/Content/EngineMaterials/DefaultPhysicalMaterial.uasset" 13
"../../../Engine/Content/BufferVisualization/AmbientOcclusion.uasset" 14
"../../../Engine/Content/BufferVisualization/BaseColor.uasset" 15
"../../../Engine/Content/BufferVisualization/CustomDepth.uasset" 16
"../../../Engine/Content/Functions/Engine_MaterialFunctions02/Utility/VectorLength.uasset" 17
"../../../Engine/Content/BufferVisualization/CustomDepthWorldUnits.uasset" 18
"../../../Engine/Content/Functions/Engine_MaterialFunctions02/Utility/BreakOutFloat2Components.uasset" 19
"../../../Engine/Content/Functions/Engine_MaterialFunctions01/Texturing/ScaleUVsByCenter.uasset" 20
"../../../Engine/Content/Functions/Engine_MaterialFunctions02/ScreenResolution.uasset" 21
"../../../Engine/Content/Functions/Engine_MaterialFunctions02/Texturing/ScreenAlignedUVs.uasset" 22
"../../../Engine/Content/Functions/Engine_MaterialFunctions02/Utility/MakeFloat2.uasset" 23
"../../../Engine/Content/Functions/Engine_MaterialFunctions02/Utility/MakeFloat3.uasset" 24
"../../../Engine/Content/EngineMaterials/MiniFont.uasset" 25
"../../../Engine/Content/BufferVisualization/CustomStencil.uasset" 26
"../../../Engine/Content/BufferVisualization/FinalImage.uasset" 27
"../../../Engine/Content/BufferVisualization/LightingModel.uasset" 28
"../../../Engine/Content/BufferVisualization/MaterialAO.uasset" 29
"../../../Engine/Content/BufferVisualization/Metallic.uasset" 30
"../../../Engine/Content/BufferVisualization/Opacity.uasset" 31
"../../../Engine/Content/BufferVisualization/PostTonemapHDRColor.uasset" 32
"../../../Engine/Content/BufferVisualization/PreTonemapHDRColor.uasset" 33
"../../../Engine/Content/BufferVisualization/Roughness.uasset" 34
"../../../Engine/Content/BufferVisualization/SceneColor.uasset" 35
"../../../Engine/Content/BufferVisualization/SceneDepth.uasset" 36
"../../../Engine/Content/BufferVisualization/SceneDepthWorldUnits.uasset" 37
"../../../Engine/Content/BufferVisualization/SeparateTranslucencyA.uasset" 38
"../../../Engine/Content/BufferVisualization/SeparateTranslucencyRGB.uasset" 39
"../../../Engine/Content/BufferVisualization/Specular.uasset" 40
"../../../Engine/Content/BufferVisualization/SubsurfaceColor.uasset" 41
"../../../Engine/Content/BufferVisualization/WorldNormal.uasset" 42
"../../../Engine/Content/EditorBlueprintResources/ActorMacros.uasset" 43
"../../../Engine/Content/EditorLandscapeResources/DataLayer.uasset" 44
"../../../Engine/Content/EditorLandscapeResources/DefaultAlphaTexture.uasset" 45
"../../../Engine/Content/EditorLandscapeResources/LandscapeGizmoHeight_Mat.uasset" 46
"../../../Engine/Content/EditorLandscapeResources/LandscapeGizmo_Mat.uasset" 47
"../../../Engine/Content/EditorLandscapeResources/LandscapeGizmo_Mat_Copied.uasset" 48
"../../../Engine/Content/EditorLandscapeResources/SplineEditorMeshMat.uasset" 49
"../../../Engine/Content/EditorLandscapeResources/SplineEditorMesh.uasset" 50
"../../../Engine/Content/EditorMaterials/Cross.uasset" 51
"../../../Engine/Content/EditorMaterials/Cross_Mat.uasset" 52
"../../../Engine/Content/EditorMaterials/GizmoMaterial.uasset" 53
"../../../Engine/Content/Functions/Engine_MaterialFunctions02/Utility/Sign.uasset" 54
"../../../Engine/Content/Functions/Engine_MaterialFunctions02/Utility/Round.uasset" 55
"../../../Engine/Content/Functions/Engine_MaterialFunctions02/ExampleContent/Textures/flipbook.uasset" 56
"../../../Engine/Content/Functions/Engine_MaterialFunctions02/Texturing/FlipBook.uasset" 57
"../../../Engine/Content/EditorResources/T_EditorHelp.uasset" 58
"../../../Engine/Content/EditorMaterials/HelpActorMaterial.uasset" 59
"../../../Engine/Content/EditorMaterials/CompositeARGBLayer.uasset" 60
"../../../Engine/Content/EditorMaterials/TilingAALineIntegral.uasset" 61
"../../../Engine/Content/EditorMaterials/TilingAALineBoxFiltered.uasset" 62
"../../../Engine/Content/Functions/Engine_MaterialFunctions03/Procedurals/ComputeFilterWidth.uasset" 63
"../../../Engine/Content/EditorMaterials/TilingAADots.uasset" 64
"../../../Engine/Content/EditorMaterials/Cascade/CASC_Cross.uasset" 65
"../../../Engine/Content/EditorMaterials/Cascade/CASC_None.uasset" 66
"../../../Engine/Content/Functions/Engine_MaterialFunctions03/Blends/Blend_Screen.uasset" 67
"../../../Engine/Content/EditorMaterials/TilingAAGrid.uasset" 68
"../../../Engine/Content/EditorMaterials/LevelGridMaterial.uasset" 69
"../../../Engine/Content/EditorMaterials/MakeCompositeARGBLayer.uasset" 70
"../../../Engine/Content/EditorResources/LevelGrid1DStripes.uasset" 71
"../../../Engine/Content/EditorMaterials/TextureGridCascaded1D.uasset" 72
"../../../Engine/Content/EditorMaterials/TextureGridCascaded2D.uasset" 73
"../../../Engine/Content/EditorMaterials/LevelGridMaterial2.uasset" 74
"../../../Engine/Content/EditorMaterials/MAT_Groups_Toggle.uasset" 75
"../../../Engine/Content/EditorMaterials/MAT_Groups_Visibility.uasset" 76
"../../../Engine/Content/EditorMaterials/AntialiasedGridFloor.uasset" 77
"../../../Engine/Content/EditorResources/TilePatine_D.uasset" 78
"../../../Engine/Content/EditorResources/TilePatine_N.uasset" 79
"../../../Engine/Content/EngineMaterials/Grid.uasset" 80
"../../../Engine/Content/EditorMaterials/PersonaFloorMat.uasset" 81
"../../../Engine/Content/EditorMaterials/PhAT_BoneSelectedMaterial.uasset" 82
"../../../Engine/Content/EditorMaterials/PhAT_ElemSelectedMaterial.uasset" 83
"../../../Engine/Content/EditorMaterials/PhAT_NoCollisionMaterial.uasset" 84
"../../../Engine/Content/EditorMaterials/PhAT_UnselectedMaterial.uasset" 85
"../../../Engine/Content/EditorMaterials/PreviewShadowIndicator.uasset" 86
"../../../Engine/Content/EditorMaterials/PreviewShadowIndicatorMaterial.uasset" 87
"../../../Engine/Content/EditorMaterials/TargetIcon.uasset" 88
"../../../Engine/Content/EditorMaterials/Tick.uasset" 89
"../../../Engine/Content/EditorMaterials/Tick_Mat.uasset" 90
"../../../Engine/Content/EditorMaterials/WidgetGridVertexColorMaterial.uasset" 91
"../../../Engine/Content/EditorMaterials/WidgetGridVertexColorMaterial_Ma.uasset" 92
"../../../Engine/Content/EditorMaterials/WidgetMaterial.uasset" 93
"../../../Engine/Content/EditorMaterials/WidgetMaterial_Current.uasset" 94
"../../../Engine/Content/EditorMaterials/WidgetMaterial_X.uasset" 95
"../../../Engine/Content/EditorMaterials/WidgetMaterial_Y.uasset" 96
"../../../Engine/Content/EditorMaterials/WidgetMaterial_Z.uasset" 97
"../../../Engine/Content/EditorMaterials/WidgetVertexColorMaterial.uasset" 98
"../../../Engine/Content/EditorMaterials/AssetViewer/EpicQuadPanorama_CC+EV1.uasset" 99
"../../../Engine/Content/MapTemplates/Sky/SunsetAmbientCubemap.uasset" 100
"../../../Engine/Content/EditorMaterials/AssetViewer/M_SkyBox.uasset" 101
"../../../Engine/Content/EditorMaterials/MatineeGroups/MAT_ColorTrack.uasset" 102
"../../../Engine/Content/EditorMaterials/MatineeGroups/MAT_Groups_Anim.uasset" 103
"../../../Engine/Content/EditorMaterials/MatineeGroups/MAT_Groups_AudioMaster.uasset" 104
"../../../Engine/Content/EditorMaterials/MatineeGroups/MAT_Groups_Director.uasset" 105
"../../../Engine/Content/EditorMaterials/MatineeGroups/MAT_Groups_Event.uasset" 106
"../../../Engine/Content/EditorMaterials/MatineeGroups/MAT_Groups_Fade.uasset" 107
"../../../Engine/Content/EditorMaterials/MatineeGroups/MAT_Groups_Float.uasset" 108
"../../../Engine/Content/EditorMaterials/MatineeGroups/MAT_Groups_Move.uasset" 109
"../../../Engine/Content/EditorMaterials/MatineeGroups/MAT_Groups_Slomo.uasset" 110
"../../../Engine/Content/EditorMaterials/MatineeGroups/MAT_Groups_Sound.uasset" 111
"../../../Engine/Content/EditorMaterials/MatineeGroups/MAT_Groups_Vector.uasset" 112
"../../../Engine/Content/EditorMaterials/ParticleSystems/PSysThumbnail_NoImage.uasset" 113
"../../../Engine/Content/EditorMaterials/ParticleSystems/PSysThumbnail_OOD.uasset" 114
"../../../Engine/Content/EditorMaterials/Thumbnails/FloorPlaneMaterial.uasset" 115
"../../../Engine/Content/EditorMeshes/EditorCylinder.uasset" 116
"../../../Engine/Content/EditorMeshes/EditorPlane.uasset" 117
"../../../Engine/Content/EditorMaterials/Thumbnails/SkySphereMaterial.uasset" 118
"../../../Engine/Content/EditorMeshes/EditorSkySphere.uasset" 119
"../../../Engine/Content/EditorMeshes/EditorSphere.uasset" 120
"../../../Engine/Content/EditorResources/MatineeCam_D.uasset" 121
"../../../Engine/Content/EditorMaterials/MatineeCam_mat.uasset" 122
"../../../Engine/Content/EditorMeshes/MatineeCam_SM.uasset" 123
"../../../Engine/Content/Functions/Engine_MaterialFunctions01/Shading/ConvertFromDiffSpec.uasset" 124
"../../../Engine/Content/EditorMaterials/GridMaterial.uasset" 125
"../../../Engine/Content/EditorMeshes/PhAT_FloorBox.uasset" 126
"../../../Engine/Content/EditorMeshes/AssetViewer/Floor_Mesh.uasset" 127
"../../../Engine/Content/EditorMeshes/AssetViewer/Sphere_inversenormals.uasset" 128
"../../../Engine/Content/EditorMaterials/Camera/CineMat.uasset" 129
"../../../Engine/Content/EditorMaterials/Camera/MI_CineMat_CameraBody.uasset" 130
"../../../Engine/Content/EngineDebugMaterials/M_SimpleOpaque.uasset" 131
"../../../Engine/Content/EditorMaterials/Camera/MI_CineMat_CamViewFinder.uasset" 132
"../../../Engine/Content/EditorMeshes/Camera/SM_CineCam.uasset" 133
"../../../Engine/Content/EditorMaterials/Camera/MI_CineMat_Rig.uasset" 134
"../../../Engine/Content/EditorMeshes/Camera/SM_CraneRig_Arm.uasset" 135
"../../../Engine/Content/EditorMeshes/Camera/SM_CraneRig_Base.uasset" 136
"../../../Engine/Content/EditorMeshes/Camera/SM_CraneRig_Body.uasset" 137
"../../../Engine/Content/EditorMeshes/Camera/SM_CraneRig_Mount.uasset" 138
"../../../Engine/Content/EditorMeshes/Camera/SM_RailRig_Mount.uasset" 139
"../../../Engine/Content/EditorMeshes/Camera/SM_RailRig_Track.uasset" 140
"../../../Engine/Content/EditorMeshes/ColorCalibrator/M_ChromeBall.uasset" 141
"../../../Engine/Content/EditorMeshes/ColorCalibrator/M_ClearCoat.uasset" 142
"../../../Engine/Content/EditorMeshes/ColorCalibrator/M_ClearCoatBlack.uasset" 143
"../../../Engine/Content/EditorMeshes/ColorCalibrator/T_ColorGrid.uasset" 144
"../../../Engine/Content/EditorMeshes/ColorCalibrator/M_ColorGrid.uasset" 145
"../../../Engine/Content/EditorMeshes/ColorCalibrator/M_GreyBall.uasset" 146
"../../../Engine/Content/EditorMeshes/ColorCalibrator/SM_ColorCalibrator.uasset" 147
"../../../Engine/Content/EditorResources/Bad.uasset" 148
"../../../Engine/Content/EditorResources/BSPVertex.uasset" 149
"../../../Engine/Content/EditorResources/EmptyActor.uasset" 150
"../../../Engine/Content/EditorResources/MatInstActSprite.uasset" 151
"../../../Engine/Content/EditorResources/RGBTable16x1_AssetViewer.uasset" 152
"../../../Engine/Content/EditorResources/SceneManager.uasset" 153
"../../../Engine/Content/EditorResources/SmallFont.uasset" 154
"../../../Engine/Content/EditorResources/S_Actor.uasset" 155
"../../../Engine/Content/EditorResources/S_DecalActorIcon.uasset" 156
"../../../Engine/Content/EditorResources/S_Emitter.uasset" 157
"../../../Engine/Content/EditorResources/S_ExpoHeightFog.uasset" 158
"../../../Engine/Content/EditorResources/S_FTest.uasset" 159
"../../../Engine/Content/EditorResources/S_KBSJoint.uasset" 160
"../../../Engine/Content/EditorResources/S_KHinge.uasset" 161
"../../../Engine/Content/EditorResources/S_KPrismatic.uasset" 162
"../../../Engine/Content/EditorResources/S_LevelSequence.uasset" 163
"../../../Engine/Content/EditorResources/S_NavP.uasset" 164
"../../../Engine/Content/EditorResources/S_Note.uasset" 165
"../../../Engine/Content/EditorResources/S_Player.uasset" 166
"../../../Engine/Content/EditorResources/S_PortalActorIcon2.uasset" 167
"../../../Engine/Content/EditorResources/S_RadForce.uasset" 168
"../../../Engine/Content/EditorResources/S_ReflActorIcon.uasset" 169
"../../../Engine/Content/EditorResources/S_Terrain.uasset" 170
"../../../Engine/Content/EditorResources/S_TextRenderActorIcon.uasset" 171
"../../../Engine/Content/EditorResources/S_Thruster.uasset" 172
"../../../Engine/Content/EditorResources/S_Trigger.uasset" 173
"../../../Engine/Content/EditorResources/S_VectorFieldVol.uasset" 174
"../../../Engine/Content/EditorResources/S_WindDirectional.uasset" 175
"../../../Engine/Content/EditorResources/AI/S_NavLink.uasset" 176
"../../../Engine/Content/EditorResources/AudioIcons/S_AudioComponent_AutoActivate.uasset" 177
"../../../Engine/Content/EditorResources/LightIcons/SkyLight.uasset" 178
"../../../Engine/Content/EditorResources/LightIcons/S_LightDirectional.uasset" 179
"../../../Engine/Content/EditorResources/LightIcons/S_LightDirectionalMove.uasset" 180
"../../../Engine/Content/EditorResources/LightIcons/S_LightError.uasset" 181
"../../../Engine/Content/EditorResources/LightIcons/S_LightPoint.uasset" 182
"../../../Engine/Content/EditorResources/LightIcons/S_LightPointMove.uasset" 183
"../../../Engine/Content/EditorResources/LightIcons/S_LightSpot.uasset" 184
"../../../Engine/Content/EditorResources/LightIcons/S_LightSpotMove.uasset" 185
"../../../Engine/Content/EditorResources/SequenceRecorder/Countdown.uasset" 186
"../../../Engine/Content/EditorResources/SequenceRecorder/RecordingIndicator.uasset" 187
"../../../Engine/Content/EditorResources/Spline/T_Loft_Spline.uasset" 188
"../../../Engine/Content/EditorSounds/GamePreview/EndPlayInEditor.uasset" 189
"../../../Engine/Content/EditorSounds/GamePreview/EndPlayInEditor_Cue.uasset" 190
"../../../Engine/Content/EditorSounds/Notifications/CompileFailed.uasset" 191
"../../../Engine/Content/EditorSounds/Notifications/CompileFailed_Cue.uasset" 192
"../../../Engine/Content/EditorSounds/Notifications/CompileSuccess.uasset" 193
"../../../Engine/Content/EditorSounds/Notifications/CompileStart_Cue.uasset" 194
"../../../Engine/Content/EditorSounds/Notifications/CompileSuccess_Cue.uasset" 195
"../../../Engine/Content/EngineDamageTypes/DmgTypeBP_Environmental.uasset" 196
"../../../Engine/Content/EngineDebugMaterials/HeatmapGradient.uasset" 197
"../../../Engine/Content/EngineDebugMaterials/BoneWeightMaterial.uasset" 198
"../../../Engine/Content/EngineDebugMaterials/DebugMeshMaterial.uasset" 199
"../../../Engine/Content/EngineDebugMaterials/GeomMaterial.uasset" 200
"../../../Engine/Content/EngineDebugMaterials/LevelColorationLitMaterial.uasset" 201
"../../../Engine/Content/EngineDebugMaterials/LevelColorationUnlitMaterial.uasset" 202
"../../../Engine/Content/EngineMaterials/DefaultWhiteGrid.uasset" 203
"../../../Engine/Content/EngineDebugMaterials/MAT_LevelColorationLitLightmapUV.uasset" 204
"../../../Engine/Content/EngineDebugMaterials/M_SimpleTranslucent.uasset" 205
"../../../Engine/Content/EngineDebugMaterials/ShadedLevelColorationLitMaterial.uasset" 206
"../../../Engine/Content/EngineDebugMaterials/ShadedLevelColorationUnlitMateri.uasset" 207
"../../../Engine/Content/EngineDebugMaterials/VertexColorMaterial.uasset" 208
"../../../Engine/Content/EngineDebugMaterials/VertexColorViewMode_AlphaAsColor.uasset" 209
"../../../Engine/Content/EngineDebugMaterials/VertexColorViewMode_BlueOnly.uasset" 210
"../../../Engine/Content/EngineDebugMaterials/VertexColorViewMode_ColorOnly.uasset" 211
"../../../Engine/Content/EngineDebugMaterials/VertexColorViewMode_GreenOnly.uasset" 212
"../../../Engine/Content/EngineDebugMaterials/VertexColorViewMode_RedOnly.uasset" 213
"../../../Engine/Content/EngineDebugMaterials/WireframeMaterial.uasset" 214
"../../../Engine/Content/EngineFonts/Faces/RobotoBold.uasset" 215
"../../../Engine/Content/EngineFonts/Faces/RobotoBoldItalic.uasset" 216
"../../../Engine/Content/EngineFonts/Faces/RobotoItalic.uasset" 217
"../../../Engine/Content/EngineFonts/Faces/RobotoLight.uasset" 218
"../../../Engine/Content/EngineFonts/Faces/RobotoRegular.uasset" 219
"../../../Engine/Content/EngineFonts/Roboto.uasset" 220
"../../../Engine/Content/EngineFonts/Faces/RobotoTiny.uasset" 221
"../../../Engine/Content/EngineFonts/RobotoTiny.uasset" 222
"../../../Engine/Content/EngineFonts/SmallFont.uasset" 223
"../../../Engine/Content/EngineFonts/TinyFont.uasset" 224
"../../../Engine/Content/EngineResources/WhiteSquareTexture.uasset" 225
"../../../Engine/Content/EngineMaterials/BlinkingCaret.uasset" 226
"../../../Engine/Content/EngineMaterials/DefaultBokeh.uasset" 227
"../../../Engine/Content/EngineMaterials/DefaultDiffuse.uasset" 228
"../../../Engine/Content/EngineMaterials/DefaultDeferredDecalMaterial.uasset" 229
"../../../Engine/Content/EngineMaterials/DefaultLightFunctionMaterial.uasset" 230
"../../../Engine/Content/EngineMaterials/DefaultNormal.uasset" 231
"../../../Engine/Content/EngineMaterials/DefaultPostProcessMaterial.uasset" 232
"../../../Engine/Content/EngineFonts/RobotoDistanceField.uasset" 233
"../../../Engine/Content/EngineMaterials/DefaultTextMaterialOpaque.uasset" 234
"../../../Engine/Content/EngineMaterials/EditorBrushMaterial.uasset" 235
"../../../Engine/Content/EngineMaterials/Good64x64TilingNoiseHighFreq.uasset" 236
"../../../Engine/Content/EngineMaterials/Grid_N.uasset" 237
"../../../Engine/Content/EngineMaterials/HighResolutionScreenshotMaskFunction.uasset" 238
"../../../Engine/Content/EngineMaterials/HighResScreenshot.uasset" 239
"../../../Engine/Content/EngineMaterials/HighResScreenshotCaptureRegion.uasset" 240
"../../../Engine/Content/EngineMaterials/HighResScreenshotMask.uasset" 241
"../../../Engine/Content/EngineMaterials/LandscapeHolePhysicalMaterial.uasset" 242
"../../../Engine/Content/EngineMaterials/InvalidLightmapSettings.uasset" 243
"../../../Engine/Content/EngineMaterials/M_InvalidLightmapSettings.uasset" 244
"../../../Engine/Content/EngineMaterials/PaperDiffuse.uasset" 245
"../../../Engine/Content/EngineMaterials/PaperNormal.uasset" 246
"../../../Engine/Content/EngineMaterials/PhAT_JointLimitMaterial.uasset" 247
"../../../Engine/Content/EngineMaterials/PhysMat_Rubber.uasset" 248
"../../../Engine/Content/EngineMaterials/PreintegratedSkinBRDF.uasset" 249
"../../../Engine/Content/EngineMaterials/RemoveSurfaceMaterial.uasset" 250
"../../../Engine/Content/EngineMaterials/WeightMapPlaceholderTexture.uasset" 251
"../../../Engine/Content/EngineMaterials/Widget3DPassThrough.uasset" 252
"../../../Engine/Content/EngineMaterials/Widget3DPassThrough_Masked.uasset" 253
"../../../Engine/Content/EngineMaterials/Widget3DPassThrough_Opaque.uasset" 254
"../../../Engine/Content/EngineMaterials/Widget3DPassThrough_Masked_OneSided.uasset" 255
"../../../Engine/Content/EngineMaterials/Widget3DPassThrough_Opaque_OneSided.uasset" 256
"../../../Engine/Content/EngineMaterials/Widget3DPassThrough_Translucent.uasset" 257
"../../../Engine/Content/EngineMaterials/Widget3DPassThrough_Translucent_OneSided.uasset" 258
"../../../Engine/Content/EngineMaterials/DefaultMaterial.uasset" 259
"../../../Engine/Content/EngineMeshes/Cube.uasset" 260
"../../../Engine/Content/EngineMeshes/Cylinder.uasset" 261
"../../../Engine/Content/EngineMeshes/Sphere.uasset" 262
"../../../Engine/Content/EngineResources/Black.uasset" 263
"../../../Engine/Content/EngineResources/DefaultTexture.uasset" 264
"../../../Engine/Content/EngineResources/DefaultTextureCube.uasset" 265
"../../../Engine/Content/EngineResources/GradientTexture0.uasset" 266
"../../../Engine/Content/EngineResources/StreamingPauseIcon.uasset" 267
"../../../Engine/Content/EngineResources/M_StreamingPause.uasset" 268
"../../../Engine/Content/EngineSounds/Master.uasset" 269
"../../../Engine/Content/Functions/Engine_MaterialFunctions01/Shading/PowerToRoughness.uasset" 270
"../../../Engine/Content/Maps/Templates/Thumbnails/Default.uasset" 271
"../../../Engine/Content/Maps/Templates/Thumbnails/VR-Basic.uasset" 272
"../../../Engine/Content/MapTemplates/Sky/DaylightAmbientCubemap.uasset" 273
"../../../Engine/Content/MobileResources/T_MobileControls_texture.uasset" 274
"../../../Engine/Content/MobileResources/T_MobileMenu2.uasset" 275
"../../../Engine/Content/MobileResources/HUD/AnalogHat.uasset" 276
"../../../Engine/Content/MobileResources/HUD/VirtualJoystick_Background.uasset" 277
"../../../Engine/Content/MobileResources/HUD/VirtualJoystick_Thumb.uasset" 278
"../../../Engine/Content/MobileResources/HUD/DefaultVirtualJoysticks.uasset" 279
"../../../Engine/Content/MobileResources/HUD/LeftVirtualJoystickOnly.uasset" 280
"../../../Engine/Content/MobileResources/HUD/MobileHUDButton1_off.uasset" 281
"../../../Engine/Content/MobileResources/HUD/MobileHUDButton1_on.uasset" 282
"../../../Engine/Content/MobileResources/HUD/MobileHUDButton2_off.uasset" 283
"../../../Engine/Content/MobileResources/HUD/MobileHUDButton2_on.uasset" 284
"../../../Engine/Content/MobileResources/HUD/MobileHUDButton3.uasset" 285
"../../../Engine/Content/MobileResources/HUD/MobileHUDButtonFire.uasset" 286
"../../../Engine/Content/MobileResources/HUD/MobileHUDDirectionPad.uasset" 287
"../../../Engine/Content/MobileResources/HUD/MobileHUDDirectionPad2.uasset" 288
"../../../Engine/Content/MobileResources/HUD/MobileHUDDirectionPad3.uasset" 289
"../../../Engine/Content/MobileResources/HUD/MobileHUDDirectionStick.uasset" 290
"../../../Engine/Content/MobileResources/HUD/T_Castle_ThumbstickInner.uasset" 291
"../../../Engine/Content/MobileResources/HUD/T_Castle_ThumbstickOutter.uasset" 292
"../../../Engine/Content/Tutorial/ContentIntroCurve.uasset" 293
"../../../Engine/Content/Tutorial/Basics/TutorialAssets/icon_tab_Levels_40x.uasset" 294
"../../../Engine/Content/Tutorial/BlueprintTutorials/TutorialAssets/BlueprintInterface_64x.uasset" 295
"../../../Engine/Content/Tutorial/BlueprintTutorials/TutorialAssets/BlueprintMacroLibrary_64x.uasset" 296
"../../../Engine/Content/Tutorial/BlueprintTutorials/TutorialAssets/Blueprint_64x.uasset" 297
"../../../Engine/Content/Tutorial/BlueprintTutorials/TutorialAssets/Tutorial_BP_Interface.uasset" 298
"../../../Engine/Content/Tutorial/Foliage/TutorialAssets/Foliage.uasset" 299
"../../../Engine/Content/Tutorial/Landscape/TutorialAssets/Landscape.uasset" 300
"../../../Engine/Content/Tutorial/Paper2D/TutorialAssets/Paper2DFlipbook_TutorialIcon.uasset" 301
"../../../Engine/Content/Tutorial/Paper2D/TutorialAssets/Paper2DSprite_TutorialIcon.uasset" 302
"../../../Engine/Content/Tutorial/SubEditors/TutorialAssets/icon_Editor_Preferences_General_40x.uasset" 303
"../../../Engine/Content/Tutorial/SubEditors/TutorialAssets/icon_ShowSkeletalMeshes_40x.uasset" 304
"../../../Engine/Content/Tutorial/SubEditors/TutorialAssets/TutorialMaterial.uasset" 305
"../../../Engine/Content/Tutorial/SubEditors/TutorialAssets/T_SmokeSubUV_8X8.uasset" 306
"../../../Engine/Content/Tutorial/SubEditors/TutorialAssets/T_soft_smoke.uasset" 307
"../../../Engine/Content/Tutorial/SubEditors/TutorialAssets/M_smoke_subUV_blackbody.uasset" 308
"../../../Engine/Content/Tutorial/SubEditors/TutorialAssets/TutorialParticleSystem.uasset" 309
"../../../Engine/Content/EditorMeshes/EditorCube.uasset" 310
"../../../Engine/Content/Tutorial/SubEditors/TutorialAssets/Tutorial_DM.uasset" 311
"../../../Engine/Content/VREditor/Devices/Generic/GenericHMDMaterial.uasset" 312
"../../../Engine/Content/VREditor/Devices/Generic/GenericHMD.uasset" 313
"../../../Engine/Content/VREditor/FloatingText/LineMaterial.uasset" 314
"../../../Engine/Content/VREditor/FloatingText/JointSphere.uasset" 315
"../../../Engine/Content/VREditor/FloatingText/LineSegmentCylinder.uasset" 316
"../../../Engine/Content/VREditor/Fonts/VRText_RobotoLarge.uasset" 317
"../../../Engine/Content/VREditor/Fonts/VRTextMaterial.uasset" 318
"../../../Engine/Content/VREditor/Fonts/TranslucentVRTextMaterial.uasset" 319
"../../../Engine/Content/VREditor/LaserPointer/VR_LaserPower_01.uasset" 320
"../../../Engine/Content/VREditor/LaserPointer/LaserPointerMaterial.uasset" 321
"../../../Engine/Content/VREditor/LaserPointer/LaserPointerMaterialInst.uasset" 322
"../../../Engine/Content/VREditor/LaserPointer/TranslucentLaserPointerMaterialInst.uasset" 323
"../../../Engine/Content/VREditor/LaserPointer/LaserPointerMesh.uasset" 324
"../../../Engine/Content/VREditor/Sounds/VR_grab_Cue.uasset" 325
"../../../Engine/Content/VREditor/Sounds/VR_teleport_Cue.uasset" 326
"../../../Engine/Content/VREditor/TransformGizmo/TransformGizmoMaterial.uasset" 327
"../../../Engine/Content/VREditor/TransformGizmo/TranslucentTransformGizmoMaterial.uasset" 328
"../../../Engine/Content/VREditor/TransformGizmo/BoundingBoxCorner.uasset" 329
"../../../Engine/Content/VREditor/TransformGizmo/BoundingBoxEdge.uasset" 330
"../../../Engine/Content/VREditor/TransformGizmo/PlaneTranslationHandle.uasset" 331
"../../../Engine/Content/VREditor/TransformGizmo/RotationHandle.uasset" 332
"../../../Engine/Content/VREditor/TransformGizmo/RotationHandleFull.uasset" 333
"../../../Engine/Content/VREditor/TransformGizmo/StretchingHandle.uasset" 334
"../../../Engine/Content/VREditor/TransformGizmo/TranslateHandleLong.uasset" 335
"../../../Engine/Content/VREditor/TransformGizmo/TranslationHandle.uasset" 336
"../../../Engine/Content/VREditor/TransformGizmo/UniformScaleHandle.uasset" 337
"../../../Engine/Content/VREditor/Tutorial/UMG/Specialized/AnimsForHands.uasset" 338
"../../../Engine/Content/VREditor/UI/CloseButtonMesh.uasset" 339
"../../../Engine/Content/VREditor/UI/SelectionBarMesh.uasset" 340
"../../../Engine/Content/Functions/Engine_MaterialFunctions01/Gradient/RadialGradient.uasset" 341
"../../../Engine/Content/VREditor/WorldMovementGrid/SimpleGrid.uasset" 342
"../../../Engine/Content/VREditor/WorldMovementGrid/GridMaterial.uasset" 343
"../../../Engine/Content/Functions/Engine_MaterialFunctions01/Density/ExponentialDensity.uasset" 344
"../../../Engine/Content/VREditor/WorldMovementGrid/GridPostProcess.uasset" 345
"../../../Engine/Content/EditorLandscapeResources/FlattenHeightMat.uasset" 346
"../../../Engine/Content/VREditor/WorldMovementGrid/PlaneMesh.uasset" 347
"../../../Engine/Plugins/2D/Paper2D/Content/PlaceholderTextures/DummySpriteTexture.uasset" 348
"../../../Engine/Plugins/2D/Paper2D/Content/DummySpriteTexture.uasset" 349
"../../../Engine/Plugins/2D/Paper2D/Content/DummySprite.uasset" 350
"../../../Engine/Plugins/2D/Paper2D/Content/DefaultPaperTerrainMaterial.uasset" 351
"../../../Engine/Plugins/2D/Paper2D/Content/DefaultSpriteMaterial.uasset" 352
"../../../Engine/Plugins/2D/Paper2D/Content/MaskedUnlitSpriteMaterial.uasset" 353
"../../../Engine/Plugins/2D/Paper2D/Content/OpaqueUnlitSpriteMaterial.uasset" 354
"../../../SwordQuest2/Content/Widgets/MainMenuBackground.uasset" 355
"../../../SwordQuest2/Content/Widgets/MainMenu.uasset" 356
"../../../SwordQuest2/Content/Maps/MainMenuLevel.umap" 357
"../../../SwordQuest2/Content/Meshes/Goblin/Goblin_D_Shareyko_Skeleton.uasset" 358
"../../../SwordQuest2/Content/Animations/Goblin/Goblin_Idle.uasset" 359
"../../../SwordQuest2/Content/Audio/NPCs/Goblin_Cackle.uasset" 360
"../../../SwordQuest2/Content/Animations/Goblin/Goblin_Walking.uasset" 361
"../../../SwordQuest2/Content/Blueprints/AnimationBlueprints/BP_Goblin_Animation.uasset" 362
"../../../SwordQuest2/Content/Animations/Goblin/Goblin_Attack_1_Anim.uasset" 363
"../../../SwordQuest2/Content/Animations/Goblin_Attack_1_Anim.uasset" 364
"../../../SwordQuest2/Content/Animations/AnimationMontages/Goblin_Attack_1.uasset" 365
"../../../SwordQuest2/Content/Animations/Goblin/Goblin_Dying_Backwards.uasset" 366
"../../../SwordQuest2/Content/Audio/NPCs/Goblin_Death_Sound.uasset" 367
"../../../SwordQuest2/Content/Animations/AnimationMontages/Goblin_Dying.uasset" 368
"../../../SwordQuest2/Content/Blueprints/ArtificialIntelligence/FollowerBlackboard.uasset" 369
"../../../SwordQuest2/Content/Blueprints/ArtificialIntelligence/Follower_AI_CON.uasset" 370
"../../../SwordQuest2/Content/Blueprints/ArtificialIntelligence/Goblin_BP.uasset" 371
"../../../SwordQuest2/Content/Blueprints/ArtificialIntelligence/BP_AgroCheck.uasset" 372
"../../../SwordQuest2/Content/Blueprints/ArtificialIntelligence/BP_AttackTarget.uasset" 373
"../../../SwordQuest2/Content/Blueprints/ArtificialIntelligence/BP_CloseEnough.uasset" 374
"../../../SwordQuest2/Content/Blueprints/ArtificialIntelligence/BP_LookAtTarget.uasset" 375
"../../../SwordQuest2/Content/Blueprints/ArtificialIntelligence/BP_RandomMovement.uasset" 376
"../../../SwordQuest2/Content/Blueprints/ArtificialIntelligence/BP_RapidMoveTo.uasset" 377
"../../../SwordQuest2/Content/Blueprints/ArtificialIntelligence/BP_StillAlive.uasset" 378
"../../../SwordQuest2/Content/Blueprints/ArtificialIntelligence/FollowerBT.uasset" 379
"../../../SwordQuest2/Content/Meshes/1stPersonCamera/Arms_Idle_Skeleton.uasset" 380
"../../../SwordQuest2/Content/Animations/FirstPersonCharacter/Arms_Idle_Anim.uasset" 381
"../../../SwordQuest2/Content/Animations/FirstPersonCharacter/Arms_Run_Anim.uasset" 382
"../../../SwordQuest2/Content/Weapons/Dual_Blade_Talon/T_Dual_Blade_Talon1_D.uasset" 383
"../../../SwordQuest2/Content/Weapons/Dual_Blade_Talon/T_Dual_Blade_Talon1_N.uasset" 384
"../../../SwordQuest2/Content/Weapons/Dual_Blade_Talon/T_Dual_Blade_Talon2_D.uasset" 385
"../../../SwordQuest2/Content/Weapons/Dual_Blade_Talon/T_Dual_Blade_Talon2_M.uasset" 386
"../../../SwordQuest2/Content/Weapons/Dual_Blade_Talon/T_Dual_Blade_Talon2_N.uasset" 387
"../../../SwordQuest2/Content/Weapons/Dual_Blade_Talon/M_Dual_Blade_Talon.uasset" 388
"../../../SwordQuest2/Content/Weapons/Dual_Blade_Talon/SK_Dual_Blade_Talon_Skeleton.uasset" 389
"../../../SwordQuest2/Content/Weapons/Dual_Blade_Talon/SK_Dual_Blade_Talon.uasset" 390
"../../../SwordQuest2/Content/Blueprints/Weapons/BP_TalonBlade.uasset" 391
"../../../SwordQuest2/Content/Audio/Ambient/Footsteps_On_Grass_Sound_Effect.uasset" 392
"../../../SwordQuest2/Content/Audio/Ambient/Sprint_Footsteps_On_Grass_Sound_Effect.uasset" 393
"../../../SwordQuest2/Content/Audio/Ambient/Swimming__-_Sound_effects.uasset" 394
"../../../SwordQuest2/Content/Blueprints/AnimationBlueprints/BP_FP_Animation.uasset" 395
"../../../SwordQuest2/Content/Animations/FirstPersonCharacter/Arms_Sword_Attack_Anim.uasset" 396
"../../../SwordQuest2/Content/Audio/Items/Sword_Slash_Attack_Sound_Effect.uasset" 397
"../../../SwordQuest2/Content/Animations/AnimationMontages/SwordAttack1.uasset" 398
"../../../SwordQuest2/Content/Animations/FirstPersonCharacter/Arms_Sword_Attack2_Anim.uasset" 399
"../../../SwordQuest2/Content/Animations/AnimationMontages/SwordAttack2.uasset" 400
"../../../SwordQuest2/Content/Blueprints/BP_CharacterCameraShake.uasset" 401
"../../../SwordQuest2/Content/Audio/Player/Player_Death_Scream.uasset" 402
"../../../SwordQuest2/Content/Meshes/1stPersonCamera/young_lightskinned_male_diffuse2.uasset" 403
"../../../SwordQuest2/Content/Meshes/1stPersonCamera/makehuman_malemodel.uasset" 404
"../../../SwordQuest2/Content/Meshes/1stPersonCamera/Arms_Idle_PhysicsAsset.uasset" 405
"../../../SwordQuest2/Content/Meshes/1stPersonCamera/Arms_Idle.uasset" 406
"../../../SwordQuest2/Content/Widgets/DeathMenu.uasset" 407
"../../../SwordQuest2/Content/Widgets/HUD.uasset" 408
"../../../SwordQuest2/Content/Widgets/PauseMenu.uasset" 409
"../../../SwordQuest2/Content/Blueprints/BP_FirstPersonCharacter.uasset" 410
"../../../SwordQuest2/Content/Widgets/AIHealth.uasset" 411
"../../../SwordQuest2/Content/Blueprints/ArtificialIntelligence/HostileEnemy.uasset" 412
"../../../SwordQuest2/Content/Weapons/Dual_Blade_Bone/T_Dual_Blade_Bone1_D.uasset" 413
"../../../SwordQuest2/Content/Weapons/Dual_Blade_Bone/T_Dual_Blade_Bone1_N.uasset" 414
"../../../SwordQuest2/Content/Weapons/Dual_Blade_Bone/T_Dual_Blade_Bone2_D.uasset" 415
"../../../SwordQuest2/Content/Weapons/Dual_Blade_Bone/T_Dual_Blade_Bone2_N.uasset" 416
"../../../SwordQuest2/Content/Weapons/Dual_Blade_Bone/M_Dual_Blade_Bone.uasset" 417
"../../../SwordQuest2/Content/Weapons/Dual_Blade_Bone/SK_Dual_Blade_Bone_Skeleton.uasset" 418
"../../../SwordQuest2/Content/Weapons/Dual_Blade_Bone/SK_Dual_Blade_Bone.uasset" 419
"../../../SwordQuest2/Content/Blueprints/Weapons/BP_BoneBlade.uasset" 420
"../../../SwordQuest2/Content/Audio/NPCs/Goblin_Scream.uasset" 421
"../../../SwordQuest2/Content/Audio/NPCs/Goblin_Sword_Contact_Sound.uasset" 422
"../../../SwordQuest2/Content/Meshes/Goblin/goblin_diffuse.uasset" 423
"../../../SwordQuest2/Content/Meshes/Goblin/goblin_normal.uasset" 424
"../../../SwordQuest2/Content/Meshes/Goblin/eyes_lambert.uasset" 425
"../../../SwordQuest2/Content/Meshes/Goblin/goblin_specular.uasset" 426
"../../../SwordQuest2/Content/Meshes/Goblin/phong1.uasset" 427
"../../../SwordQuest2/Content/Meshes/Goblin/Goblin_D_Shareyko_PhysicsAsset.uasset" 428
"../../../SwordQuest2/Content/Meshes/Goblin/Goblin_D_Shareyko.uasset" 429
"../../../SwordQuest2/Content/Blueprints/Goblin_BP.uasset" 430
"../../../Engine/Content/EngineSky/C_Sky_Cloud_Color.uasset" 431
"../../../Engine/Content/EngineSky/C_Sky_Horizon_Color.uasset" 432
"../../../Engine/Content/EngineSky/C_Sky_Zenith_Color.uasset" 433
"../../../Engine/Content/EngineSky/T_Sky_Blue.uasset" 434
"../../../Engine/Content/EngineSky/T_Sky_Clouds_M.uasset" 435
"../../../Engine/Content/EngineSky/T_Sky_Stars.uasset" 436
"../../../Engine/Content/EngineSky/M_Sky_Panning_Clouds2.uasset" 437
"../../../Engine/Content/EngineSky/SM_SkySphere.uasset" 438
"../../../Engine/Content/EngineSky/BP_Sky_Sphere.uasset" 439
"../../../SwordQuest2/Content/Blueprints/BP_SwordQuest2GameMode.uasset" 440
"../../../SwordQuest2/Content/Maps/StartingLevel_sharedassets/Dirt_LayerInfo.uasset" 441
"../../../SwordQuest2/Content/Maps/StartingLevel_sharedassets/Grass_LayerInfo.uasset" 442
"../../../SwordQuest2/Content/Maps/StartingLevel_sharedassets/Rock_LayerInfo.uasset" 443
"../../../SwordQuest2/Content/Maps/StartingLevel_BuiltData.uasset" 444
"../../../SwordQuest2/Content/Materials/grass_phys.uasset" 445
"../../../SwordQuest2/Content/Textures/T_Ground_Grass_D.uasset" 446
"../../../SwordQuest2/Content/Textures/T_Ground_Grass_N.uasset" 447
"../../../SwordQuest2/Content/Textures/T_Ground_Gravel_D.uasset" 448
"../../../SwordQuest2/Content/Textures/T_Ground_Gravel_N.uasset" 449
"../../../SwordQuest2/Content/Textures/T_Rock_Basalt_D.uasset" 450
"../../../SwordQuest2/Content/Textures/T_Rock_Basalt_N.uasset" 451
"../../../SwordQuest2/Content/Materials/EarthBlend.uasset" 452
"../../../SwordQuest2/Content/Materials/Water/T_Water_01_N.uasset" 453
"../../../SwordQuest2/Content/Materials/Water/T_Water_Ripple_Directional_Noise.uasset" 454
"../../../SwordQuest2/Content/Materials/water_phys.uasset" 455
"../../../SwordQuest2/Content/Materials/Water/M_Water_Master.uasset" 456
"../../../SwordQuest2/Content/Materials/Water/M_Water_Master_Inst.uasset" 457
"../../../SwordQuest2/Content/Materials/M_Basic_Floor.uasset" 458
"../../../SwordQuest2/Content/Architecture/Floor_400x400.uasset" 459
"../../../SwordQuest2/Content/Audio/Ambient/Birds_Cue.uasset" 460
"../../../SwordQuest2/Content/Audio/Ambient/Wind_Cue.uasset" 461
"../../../Engine/Content/Functions/Engine_MaterialFunctions02/WorldPositionOffset/Wind.uasset" 462
"../../../SwordQuest2/Content/Textures/Placeholder/tex_diffuse.uasset" 463
"../../../SwordQuest2/Content/Textures/Placeholder/tex_normal.uasset" 464
"../../../SwordQuest2/Content/Materials/Master_Material/M_bark.uasset" 465
"../../../SwordQuest2/Content/Textures/Trees/tex_birchbark_diff.uasset" 466
"../../../SwordQuest2/Content/Textures/Trees/tex_birchbark_n.uasset" 467
"../../../SwordQuest2/Content/Materials/Child_Material/M_birchbark_Inst.uasset" 468
"../../../Engine/Content/ArtTools/RenderToTexture/MaterialFunctions/FlipbookWind.uasset" 469
"../../../SwordQuest2/Content/Materials/Master_Material/M_tree_basic.uasset" 470
"../../../SwordQuest2/Content/Textures/Trees/tex_leaves_diff.uasset" 471
"../../../SwordQuest2/Content/Materials/Child_Material/M_tree_basic_Inst.uasset" 472
"../../../SwordQuest2/Content/Meshes/Trees/SM_tree1.uasset" 473
"../../../SwordQuest2/Content/Meshes/Trees/SM_tree10.uasset" 474
"../../../SwordQuest2/Content/Meshes/Trees/SM_tree2.uasset" 475
"../../../SwordQuest2/Content/Meshes/Trees/SM_tree3.uasset" 476
"../../../SwordQuest2/Content/Meshes/Trees/SM_tree4.uasset" 477
"../../../SwordQuest2/Content/Meshes/Trees/SM_tree5.uasset" 478
"../../../SwordQuest2/Content/Meshes/Trees/SM_tree6.uasset" 479
"../../../SwordQuest2/Content/Meshes/Trees/SM_tree7.uasset" 480
"../../../SwordQuest2/Content/Meshes/Trees/SM_tree8.uasset" 481
"../../../SwordQuest2/Content/Meshes/Trees/SM_tree9.uasset" 482
"../../../SwordQuest2/Content/Maps/StartingLevel.umap" 483
"../../../Engine/Content/Maps/Entry.umap" 484
